Flow report for AdderDemo
Tue Mar 21 09:01:13 2023
Quartus Prime Version 22.1std.0 Build 915 10/25/2022 SC Lite Edition


---------------------
; Table of Contents ;
---------------------
  1. Legal Notice
  2. Flow Summary
  3. Flow Settings
  4. Flow Non-Default Global Settings
  5. Flow Elapsed Time
  6. Flow OS Summary
  7. Flow Log
  8. Flow Messages
  9. Flow Suppressed Messages



----------------
; Legal Notice ;
----------------
Copyright (C) 2022  Intel Corporation. All rights reserved.
Your use of Intel Corporation's design tools, logic functions 
and other software and tools, and any partner logic 
functions, and any output files from any of the foregoing 
(including device programming or simulation files), and any 
associated documentation or information are expressly subject 
to the terms and conditions of the Intel Program License 
Subscription Agreement, the Intel Quartus Prime License Agreement,
the Intel FPGA IP License Agreement, or other applicable license
agreement, including, without limitation, that your use is for
the sole purpose of programming logic devices manufactured by
Intel and sold by Intel or its authorized distributors.  Please
refer to the applicable agreement for further details, at
https://fpgasoftware.intel.com/eula.



+-------------------------------------------------------------------------------------+
; Flow Summary                                                                        ;
+------------------------------------+------------------------------------------------+
; Flow Status                        ; Successful - Tue Mar 21 09:01:13 2023          ;
; Quartus Prime Version              ; 22.1std.0 Build 915 10/25/2022 SC Lite Edition ;
; Revision Name                      ; AdderDemo                                      ;
; Top-level Entity Name              ; Adder4                                         ;
; Family                             ; Cyclone IV E                                   ;
; Device                             ; EP4CE115F29C7                                  ;
; Timing Models                      ; Final                                          ;
; Total logic elements               ; 5                                              ;
;     Total combinational functions  ; 5                                              ;
;     Dedicated logic registers      ; 0                                              ;
; Total registers                    ; 0                                              ;
; Total pins                         ; 14                                             ;
; Total virtual pins                 ; 0                                              ;
; Total memory bits                  ; 0                                              ;
; Embedded Multiplier 9-bit elements ; 0                                              ;
; Total PLLs                         ; 0                                              ;
+------------------------------------+------------------------------------------------+


+-----------------------------------------+
; Flow Settings                           ;
+-------------------+---------------------+
; Option            ; Setting             ;
+-------------------+---------------------+
; Start date & time ; 03/21/2023 08:57:14 ;
; Main task         ; Compilation         ;
; Revision Name     ; AdderDemo           ;
+-------------------+---------------------+


+------------------------------------------------------------------------------------------------------------------------------------------------+
; Flow Non-Default Global Settings                                                                                                               ;
+-------------------------------------+----------------------------------------+---------------+-------------+-----------------------------------+
; Assignment Name                     ; Value                                  ; Default Value ; Entity Name ; Section Id                        ;
+-------------------------------------+----------------------------------------+---------------+-------------+-----------------------------------+
; COMPILER_SIGNATURE_ID               ; 121382770710.167938903401004           ; --            ; --          ; --                                ;
; EDA_GENERATE_FUNCTIONAL_NETLIST     ; Off                                    ; --            ; --          ; eda_board_design_timing           ;
; EDA_GENERATE_FUNCTIONAL_NETLIST     ; Off                                    ; --            ; --          ; eda_board_design_boundary_scan    ;
; EDA_GENERATE_FUNCTIONAL_NETLIST     ; Off                                    ; --            ; --          ; eda_board_design_signal_integrity ;
; EDA_GENERATE_FUNCTIONAL_NETLIST     ; Off                                    ; --            ; --          ; eda_board_design_symbol           ;
; EDA_NETLIST_WRITER_OUTPUT_DIR       ; simulation/modelsim                    ; --            ; --          ; eda_simulation                    ;
; EDA_OUTPUT_DATA_FORMAT              ; Vhdl                                   ; --            ; --          ; eda_simulation                    ;
; EDA_SIMULATION_TOOL                 ; ModelSim (VHDL)                        ; <None>        ; --          ; --                                ;
; EDA_TIME_SCALE                      ; 1 ps                                   ; --            ; --          ; eda_simulation                    ;
; MAX_CORE_JUNCTION_TEMP              ; 85                                     ; --            ; --          ; --                                ;
; MIN_CORE_JUNCTION_TEMP              ; 0                                      ; --            ; --          ; --                                ;
; NOMINAL_CORE_SUPPLY_VOLTAGE         ; 1.2V                                   ; --            ; --          ; --                                ;
; PARTITION_COLOR                     ; -- (Not supported for targeted family) ; --            ; Adder4      ; Top                               ;
; PARTITION_FITTER_PRESERVATION_LEVEL ; -- (Not supported for targeted family) ; --            ; Adder4      ; Top                               ;
; PARTITION_NETLIST_TYPE              ; -- (Not supported for targeted family) ; --            ; Adder4      ; Top                               ;
; PROJECT_OUTPUT_DIRECTORY            ; output_files                           ; --            ; --          ; --                                ;
; TOP_LEVEL_ENTITY                    ; Adder4                                 ; AdderDemo     ; --          ; --                                ;
+-------------------------------------+----------------------------------------+---------------+-------------+-----------------------------------+


+--------------------------------------------------------------------------------------------------------------------------+
; Flow Elapsed Time                                                                                                        ;
+----------------------+--------------+-------------------------+---------------------+------------------------------------+
; Module Name          ; Elapsed Time ; Average Processors Used ; Peak Virtual Memory ; Total CPU Time (on all processors) ;
+----------------------+--------------+-------------------------+---------------------+------------------------------------+
; Analysis & Synthesis ; 00:00:20     ; 1.0                     ; 13285 MB            ; 00:00:41                           ;
; EDA Netlist Writer   ; 00:00:01     ; 1.0                     ; 13087 MB            ; 00:00:01                           ;
; EDA Netlist Writer   ; 00:00:01     ; 1.0                     ; 13087 MB            ; 00:00:01                           ;
; EDA Netlist Writer   ; 00:00:01     ; 1.0                     ; 13087 MB            ; 00:00:01                           ;
; EDA Netlist Writer   ; 00:00:02     ; 1.0                     ; 13087 MB            ; 00:00:01                           ;
; EDA Netlist Writer   ; 00:00:01     ; 1.0                     ; 13087 MB            ; 00:00:01                           ;
; EDA Netlist Writer   ; 00:00:01     ; 1.0                     ; 13087 MB            ; 00:00:01                           ;
; EDA Netlist Writer   ; 00:00:01     ; 1.0                     ; 13087 MB            ; 00:00:01                           ;
; Total                ; 00:00:28     ; --                      ; --                  ; 00:00:48                           ;
+----------------------+--------------+-------------------------+---------------------+------------------------------------+


+------------------------------------------------------------------------------------+
; Flow OS Summary                                                                    ;
+----------------------+------------------+------------+------------+----------------+
; Module Name          ; Machine Hostname ; OS Name    ; OS Version ; Processor type ;
+----------------------+------------------+------------+------------+----------------+
; Analysis & Synthesis ; HENRIQUEMANE875  ; Windows 10 ; 10.0       ; x86_64         ;
; EDA Netlist Writer   ; HENRIQUEMANE875  ; Windows 10 ; 10.0       ; x86_64         ;
; EDA Netlist Writer   ; HENRIQUEMANE875  ; Windows 10 ; 10.0       ; x86_64         ;
; EDA Netlist Writer   ; HENRIQUEMANE875  ; Windows 10 ; 10.0       ; x86_64         ;
; EDA Netlist Writer   ; HENRIQUEMANE875  ; Windows 10 ; 10.0       ; x86_64         ;
; EDA Netlist Writer   ; HENRIQUEMANE875  ; Windows 10 ; 10.0       ; x86_64         ;
; EDA Netlist Writer   ; HENRIQUEMANE875  ; Windows 10 ; 10.0       ; x86_64         ;
; EDA Netlist Writer   ; HENRIQUEMANE875  ; Windows 10 ; 10.0       ; x86_64         ;
+----------------------+------------------+------------+------------+----------------+


------------
; Flow Log ;
------------
quartus_map --read_settings_files=on --write_settings_files=off AdderDemo -c AdderDemo
quartus_eda --gen_testbench --tool=modelsim_oem --format=vhdl --write_settings_files=off AdderDemo -c AdderDemo --vector_source=//Mac/Home/Desktop/1Ano/2Semestre/LSD/Aulas/aula03/Parte1/Waveform4.vwf --testbench_file=//Mac/Home/Desktop/1Ano/2Semestre/LSD/Aulas/aula03/Parte1/simulation/qsim/Waveform4.vwf.vht
quartus_eda --write_settings_files=off --simulation=on --functional=on --flatten_buses=off --tool=modelsim_oem --format=vhdl --output_directory=//Mac/Home/Desktop/1Ano/2Semestre/LSD/Aulas/aula03/Parte1/simulation/qsim/ AdderDemo -c AdderDemo
quartus_eda --gen_testbench --tool=modelsim_oem --format=vhdl --write_settings_files=off AdderDemo -c AdderDemo --vector_source=//Mac/Home/Desktop/1Ano/2Semestre/LSD/Aulas/aula03/Parte1/Waveform5.vwf --testbench_file=//Mac/Home/Desktop/1Ano/2Semestre/LSD/Aulas/aula03/Parte1/simulation/qsim/Waveform5.vwf.vht
quartus_eda --gen_testbench --tool=modelsim_oem --format=vhdl --write_settings_files=off AdderDemo -c AdderDemo --vector_source=//Mac/Home/Desktop/1Ano/2Semestre/LSD/Aulas/aula03/Parte1/FullAdder.vhd.vwf --testbench_file=//Mac/Home/Desktop/1Ano/2Semestre/LSD/Aulas/aula03/Parte1/simulation/qsim/FullAdder.vhd.vwf.vht
quartus_eda --write_settings_files=off --simulation=on --functional=on --flatten_buses=off --tool=modelsim_oem --format=vhdl --output_directory=//Mac/Home/Desktop/1Ano/2Semestre/LSD/Aulas/aula03/Parte1/simulation/qsim/ AdderDemo -c AdderDemo
quartus_eda --gen_testbench --tool=modelsim_oem --format=vhdl --write_settings_files=off AdderDemo -c AdderDemo --vector_source=//Mac/Home/Desktop/1Ano/2Semestre/LSD/Aulas/aula03/Parte1/FullAdder.vhd.vwf --testbench_file=//Mac/Home/Desktop/1Ano/2Semestre/LSD/Aulas/aula03/Parte1/simulation/qsim/FullAdder.vhd.vwf.vht
quartus_eda --write_settings_files=off --simulation=on --functional=on --flatten_buses=off --tool=modelsim_oem --format=vhdl --output_directory=//Mac/Home/Desktop/1Ano/2Semestre/LSD/Aulas/aula03/Parte1/simulation/qsim/ AdderDemo -c AdderDemo



